Removed Pin From Net: NetName=iPUL4 Pin=R26-2
Removed Pin From Net: NetName=iDIR4 Pin=R27-2
Removed Pin From Net: NetName=iPUL5 Pin=R28-2
Removed Pin From Net: NetName=iDIR5 Pin=R29-2
Removed Pin From Net: NetName=iPUL6 Pin=R30-2
Removed Pin From Net: NetName=iDIR6 Pin=R31-2
Removed Pin From Net: NetName=oPUL4 Pin=U12-3
Removed Pin From Net: NetName=oDIR4 Pin=U12-4
Removed Pin From Net: NetName=oPUL5 Pin=U12-5
Removed Pin From Net: NetName=oDIR5 Pin=U12-6
Removed Pin From Net: NetName=oPUL6 Pin=U12-7
Removed Pin From Net: NetName=oDIR6 Pin=U12-8
Removed Pin From Net: NetName=iDIR6 Pin=U12-16
Removed Pin From Net: NetName=iPUL6 Pin=U12-17
Removed Pin From Net: NetName=iDIR5 Pin=U12-18
Removed Pin From Net: NetName=iPUL5 Pin=U12-19
Removed Pin From Net: NetName=iDIR4 Pin=U12-20
Removed Pin From Net: NetName=iPUL4 Pin=U12-21
Added Pin To Net: NetName=iDIR4 Pin=R26-2
Added Pin To Net: NetName=iPUL4 Pin=R27-2
Added Pin To Net: NetName=iDIR5 Pin=R28-2
Added Pin To Net: NetName=iPUL5 Pin=R29-2
Added Pin To Net: NetName=iDIR6 Pin=R30-2
Added Pin To Net: NetName=iPUL6 Pin=R31-2
Added Pin To Net: NetName=oDIR4 Pin=U12-3
Added Pin To Net: NetName=oPUL4 Pin=U12-4
Added Pin To Net: NetName=oDIR5 Pin=U12-5
Added Pin To Net: NetName=oPUL5 Pin=U12-6
Added Pin To Net: NetName=oDIR6 Pin=U12-7
Added Pin To Net: NetName=oPUL6 Pin=U12-8
Added Pin To Net: NetName=iPUL6 Pin=U12-16
Added Pin To Net: NetName=iDIR6 Pin=U12-17
Added Pin To Net: NetName=iPUL5 Pin=U12-18
Added Pin To Net: NetName=iDIR5 Pin=U12-19
Added Pin To Net: NetName=iPUL4 Pin=U12-20
Added Pin To Net: NetName=iDIR4 Pin=U12-21
