Removed Pin From Net: NetName=iPUL1 Pin=R20-2
Removed Pin From Net: NetName=iDIR1 Pin=R21-2
Removed Pin From Net: NetName=iPUL2 Pin=R22-2
Removed Pin From Net: NetName=iDIR2 Pin=R23-2
Removed Pin From Net: NetName=iPUL3 Pin=R24-2
Removed Pin From Net: NetName=iDIR3 Pin=R25-2
Removed Pin From Net: NetName=oPUL1 Pin=U11-3
Removed Pin From Net: NetName=oDIR1 Pin=U11-4
Removed Pin From Net: NetName=oPUL2 Pin=U11-5
Removed Pin From Net: NetName=oDIR2 Pin=U11-6
Removed Pin From Net: NetName=oPUL3 Pin=U11-7
Removed Pin From Net: NetName=oDIR3 Pin=U11-8
Removed Pin From Net: NetName=iDIR3 Pin=U11-16
Removed Pin From Net: NetName=iPUL3 Pin=U11-17
Removed Pin From Net: NetName=iDIR2 Pin=U11-18
Removed Pin From Net: NetName=iPUL2 Pin=U11-19
Removed Pin From Net: NetName=iDIR1 Pin=U11-20
Removed Pin From Net: NetName=iPUL1 Pin=U11-21
Added Pin To Net: NetName=iDIR1 Pin=R20-2
Added Pin To Net: NetName=iPUL1 Pin=R21-2
Added Pin To Net: NetName=iDIR2 Pin=R22-2
Added Pin To Net: NetName=iPUL2 Pin=R23-2
Added Pin To Net: NetName=iDIR3 Pin=R24-2
Added Pin To Net: NetName=iPUL3 Pin=R25-2
Added Pin To Net: NetName=oDIR1 Pin=U11-3
Added Pin To Net: NetName=oPUL1 Pin=U11-4
Added Pin To Net: NetName=oDIR2 Pin=U11-5
Added Pin To Net: NetName=oPUL2 Pin=U11-6
Added Pin To Net: NetName=oDIR3 Pin=U11-7
Added Pin To Net: NetName=oPUL3 Pin=U11-8
Added Pin To Net: NetName=iPUL3 Pin=U11-16
Added Pin To Net: NetName=iDIR3 Pin=U11-17
Added Pin To Net: NetName=iPUL2 Pin=U11-18
Added Pin To Net: NetName=iDIR2 Pin=U11-19
Added Pin To Net: NetName=iPUL1 Pin=U11-20
Added Pin To Net: NetName=iDIR1 Pin=U11-21
