Flow report for read_encoder
Fri Dec 21 14:39:48 2018
Quartus II Version 9.1 Build 350 03/24/2010 Service Pack 2 SJ Web Edition


---------------------
; Table of Contents ;
---------------------
  1. Legal Notice
  2. Flow Summary
  3. Flow Settings
  4. Flow Non-Default Global Settings
  5. Flow Elapsed Time
  6. Flow OS Summary
  7. Flow Log



----------------
; Legal Notice ;
----------------
Copyright (C) 1991-2010 Altera Corporation
Your use of Altera Corporation's design tools, logic functions 
and other software and tools, and its AMPP partner logic 
functions, and any output files from any of the foregoing 
(including device programming or simulation files), and any 
associated documentation or information are expressly subject 
to the terms and conditions of the Altera Program License 
Subscription Agreement, Altera MegaCore Function License 
Agreement, or other applicable license agreement, including, 
without limitation, that your use is for the sole purpose of 
programming logic devices manufactured by Altera and sold by 
Altera or its authorized distributors.  Please refer to the 
applicable agreement for further details.



+------------------------------------------------------------------------+
; Flow Summary                                                           ;
+-------------------------+----------------------------------------------+
; Flow Status             ; Successful - Fri Dec 21 14:39:48 2018        ;
; Quartus II Version      ; 9.1 Build 350 03/24/2010 SP 2 SJ Web Edition ;
; Revision Name           ; read_encoder                                 ;
; Top-level Entity Name   ; read_encoder                                 ;
; Family                  ; MAX II                                       ;
; Device                  ; EPM570T100C5                                 ;
; Timing Models           ; Final                                        ;
; Met timing requirements ; Yes                                          ;
; Total logic elements    ; 308 / 570 ( 54 % )                           ;
; Total pins              ; 39 / 76 ( 51 % )                             ;
; Total virtual pins      ; 0                                            ;
; UFM blocks              ; 0 / 1 ( 0 % )                                ;
+-------------------------+----------------------------------------------+


+-----------------------------------------+
; Flow Settings                           ;
+-------------------+---------------------+
; Option            ; Setting             ;
+-------------------+---------------------+
; Start date & time ; 12/21/2018 14:39:41 ;
; Main task         ; Compilation         ;
; Revision Name     ; read_encoder        ;
+-------------------+---------------------+


+---------------------------------------------------------------------------------------------------------------------------------------------------------------------+
; Flow Non-Default Global Settings                                                                                                                                    ;
+---------------------------------------+------------------------------------------------------------------------+---------------+-------------+----------------------+
; Assignment Name                       ; Value                                                                  ; Default Value ; Entity Name ; Section Id           ;
+---------------------------------------+------------------------------------------------------------------------+---------------+-------------+----------------------+
; COMPILER_SIGNATURE_ID                 ; 154946513382919.154537798102268                                        ; --            ; --          ; --                   ;
; EDA_DESIGN_ENTRY_SYNTHESIS_TOOL       ; Design Compiler                                                        ; <None>        ; --          ; --                   ;
; EDA_INPUT_DATA_FORMAT                 ; Edif                                                                   ; --            ; --          ; eda_design_synthesis ;
; EDA_INPUT_VCC_NAME                    ; Vdd                                                                    ; --            ; --          ; eda_design_synthesis ;
; EDA_LMF_FILE                          ; altsyn.lmf                                                             ; --            ; --          ; eda_design_synthesis ;
; EDA_OUTPUT_DATA_FORMAT                ; Verilog                                                                ; --            ; --          ; eda_simulation       ;
; EDA_OUTPUT_DATA_FORMAT                ; Verilog                                                                ; --            ; --          ; eda_timing_analysis  ;
; EDA_SIMULATION_TOOL                   ; Active-HDL (Verilog)                                                   ; <None>        ; --          ; --                   ;
; EDA_TIME_SCALE                        ; 1 ps                                                                   ; --            ; --          ; eda_simulation       ;
; EDA_TIMING_ANALYSIS_TOOL              ; PrimeTime (Verilog)                                                    ; <None>        ; --          ; --                   ;
; ENABLE_CLOCK_LATENCY                  ; On                                                                     ; Off           ; --          ; --                   ;
; IP_TOOL_NAME                          ; LPM_FF                                                                 ; --            ; --          ; --                   ;
; IP_TOOL_NAME                          ; LPM_BUSTRI                                                             ; --            ; --          ; --                   ;
; IP_TOOL_NAME                          ; LPM_FF                                                                 ; --            ; --          ; --                   ;
; IP_TOOL_NAME                          ; LPM_FF                                                                 ; --            ; --          ; --                   ;
; IP_TOOL_NAME                          ; LPM_COUNTER                                                            ; --            ; --          ; --                   ;
; IP_TOOL_NAME                          ; LPM_COUNTER                                                            ; --            ; --          ; --                   ;
; IP_TOOL_NAME                          ; LPM_FF                                                                 ; --            ; --          ; --                   ;
; IP_TOOL_VERSION                       ; 8.1                                                                    ; --            ; --          ; --                   ;
; IP_TOOL_VERSION                       ; 8.1                                                                    ; --            ; --          ; --                   ;
; IP_TOOL_VERSION                       ; 8.1                                                                    ; --            ; --          ; --                   ;
; IP_TOOL_VERSION                       ; 9.1                                                                    ; --            ; --          ; --                   ;
; IP_TOOL_VERSION                       ; 9.1                                                                    ; --            ; --          ; --                   ;
; IP_TOOL_VERSION                       ; 9.1                                                                    ; --            ; --          ; --                   ;
; IP_TOOL_VERSION                       ; 9.1                                                                    ; --            ; --          ; --                   ;
; MAXII_OPTIMIZATION_TECHNIQUE          ; Speed                                                                  ; Balanced      ; --          ; --                   ;
; MAX_CORE_JUNCTION_TEMP                ; 85                                                                     ; --            ; --          ; --                   ;
; MIN_CORE_JUNCTION_TEMP                ; 0                                                                      ; --            ; --          ; --                   ;
; MISC_FILE                             ; E:/work/read_encoder/read_encoder hardware/read_encoder.dpf            ; --            ; --          ; --                   ;
; MISC_FILE                             ; D:/altera/91sp2/EXAMPLES/ADIS16480_Mainboard/read_encoder.dpf          ; --            ; --          ; --                   ;
; MISC_FILE                             ; D:/altera/91sp2/EXAMPLES/ADIS16480_Mainboard_Viettel/read_encoder.dpf  ; --            ; --          ; --                   ;
; MISC_FILE                             ; D:/altera/91sp2/EXAMPLES/ADIS16480_Mainboard_Viettel1/read_encoder.dpf ; --            ; --          ; --                   ;
; MISC_FILE                             ; lpm_dff0.bsf                                                           ; --            ; --          ; --                   ;
; MISC_FILE                             ; lpm_dff0_syn.v                                                         ; --            ; --          ; --                   ;
; MISC_FILE                             ; lpm_bustri0.bsf                                                        ; --            ; --          ; --                   ;
; MISC_FILE                             ; lpm_bustri0_syn.v                                                      ; --            ; --          ; --                   ;
; MISC_FILE                             ; lpm_dff1.bsf                                                           ; --            ; --          ; --                   ;
; MISC_FILE                             ; lpm_dff2.bsf                                                           ; --            ; --          ; --                   ;
; MISC_FILE                             ; lpm_dff2_syn.v                                                         ; --            ; --          ; --                   ;
; MISC_FILE                             ; lpm_counter2.tdf                                                       ; --            ; --          ; --                   ;
; MISC_FILE                             ; lpm_counter2.bsf                                                       ; --            ; --          ; --                   ;
; MISC_FILE                             ; lpm_counter3.tdf                                                       ; --            ; --          ; --                   ;
; MISC_FILE                             ; lpm_counter3.bsf                                                       ; --            ; --          ; --                   ;
; MISC_FILE                             ; D:/altera/91sp2/EXAMPLES/F4MAX2_Mayin/read_encoder.dpf                 ; --            ; --          ; --                   ;
; MISC_FILE                             ; lpm_dff3.tdf                                                           ; --            ; --          ; --                   ;
; MISC_FILE                             ; lpm_dff3.bsf                                                           ; --            ; --          ; --                   ;
; MISC_FILE                             ; D:/altera/91sp2/EXAMPLES/F4MAX2_CNC4truc/read_encoder.dpf              ; --            ; --          ; --                   ;
; MISC_FILE                             ; D:/altera/91sp2/EXAMPLES/F4MAX2_CNC5truc/read_encoder.dpf              ; --            ; --          ; --                   ;
; MISC_FILE                             ; D:/altera/91sp2/EXAMPLES/F4MAX2_CNC6truc/read_encoder.dpf              ; --            ; --          ; --                   ;
; MISC_FILE                             ; D:/altera/91sp2/EXAMPLES/F7MAX2_CNC6truc/read_encoder.dpf              ; --            ; --          ; --                   ;
; MISC_FILE                             ; D:/AutoLab/SCARA/F7MAX2_CNC4truc_20us/read_encoder.dpf                 ; --            ; --          ; --                   ;
; POWER_EXT_SUPPLY_VOLTAGE_TO_REGULATOR ; 3.3V                                                                   ; --            ; --          ; --                   ;
; USE_GENERATED_PHYSICAL_CONSTRAINTS    ; Off                                                                    ; --            ; --          ; eda_blast_fpga       ;
+---------------------------------------+------------------------------------------------------------------------+---------------+-------------+----------------------+


+-----------------------------------------------------------------------------------------------------------------------------+
; Flow Elapsed Time                                                                                                           ;
+-------------------------+--------------+-------------------------+---------------------+------------------------------------+
; Module Name             ; Elapsed Time ; Average Processors Used ; Peak Virtual Memory ; Total CPU Time (on all processors) ;
+-------------------------+--------------+-------------------------+---------------------+------------------------------------+
; Analysis & Synthesis    ; 00:00:02     ; 1.0                     ; 274 MB              ; 00:00:02                           ;
; Fitter                  ; 00:00:01     ; 1.0                     ; 239 MB              ; 00:00:01                           ;
; Assembler               ; 00:00:00     ; 1.0                     ; 211 MB              ; 00:00:00                           ;
; Classic Timing Analyzer ; 00:00:00     ; 1.0                     ; 182 MB              ; 00:00:01                           ;
; EDA Netlist Writer      ; 00:00:00     ; 1.0                     ; 193 MB              ; 00:00:00                           ;
; Total                   ; 00:00:03     ; --                      ; --                  ; 00:00:04                           ;
+-------------------------+--------------+-------------------------+---------------------+------------------------------------+


+------------------------------------------------------------------------------------------+
; Flow OS Summary                                                                          ;
+-------------------------+------------------+---------------+------------+----------------+
; Module Name             ; Machine Hostname ; OS Name       ; OS Version ; Processor type ;
+-------------------------+------------------+---------------+------------+----------------+
; Analysis & Synthesis    ; DESKTOP-1EH3LKP  ; Windows Vista ; 6.2        ; x86_64         ;
; Fitter                  ; DESKTOP-1EH3LKP  ; Windows Vista ; 6.2        ; x86_64         ;
; Assembler               ; DESKTOP-1EH3LKP  ; Windows Vista ; 6.2        ; x86_64         ;
; Classic Timing Analyzer ; DESKTOP-1EH3LKP  ; Windows Vista ; 6.2        ; x86_64         ;
; EDA Netlist Writer      ; DESKTOP-1EH3LKP  ; Windows Vista ; 6.2        ; x86_64         ;
+-------------------------+------------------+---------------+------------+----------------+


------------
; Flow Log ;
------------
quartus_map --read_settings_files=on --write_settings_files=off read_encoder -c read_encoder
quartus_fit --read_settings_files=off --write_settings_files=off read_encoder -c read_encoder
quartus_asm --read_settings_files=off --write_settings_files=off read_encoder -c read_encoder
quartus_tan --read_settings_files=off --write_settings_files=off read_encoder -c read_encoder
quartus_eda --read_settings_files=off --write_settings_files=off read_encoder -c read_encoder



